<?xml version="1.0" encoding="UTF-8"?>
<!-- Generated by org.testng.reporters.JUnitReportReporter -->
<testsuite hostname="DESKTOP-0OF1QAL" failures="0" tests="1" name="driverFactory.AppTest" time="62.748" errors="0" timestamp="2024-03-30T12:03:46 IST" skipped="0">
  <testcase classname="driverFactory.AppTest" name="kickStart" time="62.748"/>
</testsuite> <!-- driverFactory.AppTest -->
